0 silly argv {
0 silly argv   _: [ 'create' ],
0 silly argv   lernaVersion: '3.20.2',
0 silly argv   '$0': 'lerna',
0 silly argv   name: 'addition'
0 silly argv }
1 notice cli v3.20.2
2 verbose rootPath /Users/cameronwengert/dev/lerna
3 info versioning independent
4 warn ENOREMOTE No git remote found, skipping repository property
5 error Error: canceled
5 error     at Interface.<anonymous> (/usr/local/lib/node_modules/lerna/node_modules/read/lib/read.js:66:13)
5 error     at Interface.emit (events.js:305:20)
5 error     at Interface._ttyWrite (readline.js:882:16)
5 error     at ReadStream.onkeypress (readline.js:199:10)
5 error     at ReadStream.emit (events.js:305:20)
5 error     at emitKeys (internal/readline/utils.js:439:14)
5 error     at emitKeys.next (<anonymous>)
5 error     at ReadStream.onData (readline.js:1150:36)
5 error     at ReadStream.emit (events.js:305:20)
5 error     at addChunk (_stream_readable.js:341:12)
5 error     at readableAddChunk (_stream_readable.js:316:11)
5 error     at ReadStream.Readable.push (_stream_readable.js:250:10)
